Starting a Gradle Daemon, 4 busy and 1 stopped Daemons could not be reused, use --status for details
> Task :dailyfeed-code:compileJava UP-TO-DATE
> Task :dailyfeed-code:processResources NO-SOURCE
> Task :dailyfeed-code:classes UP-TO-DATE
> Task :dailyfeed-code:jar UP-TO-DATE
> Task :dailyfeed-search:compileJava
> Task :dailyfeed-search:processResources
> Task :dailyfeed-search:classes
> Task :dailyfeed-search:resolveMainClassName

> Task :dailyfeed-search:bootRun

  .   ____          _            __ _ _
 /\\ / ___'_ __ _ _(_)_ __  __ _ \ \ \ \
( ( )\___ | '_ | '_| | '_ \/ _` | \ \ \ \
 \\/  ___)| |_)| | | | | || (_| |  ) ) ) )
  '  |____| .__|_| |_|_| |_\__, | / / / /
 =========|_|==============|___/=/_/_/_/

 :: Spring Boot ::                (v3.5.5)

2025-09-28T19:01:30.138+09:00  INFO 45458 --- [dailyfeed-search] [           main] c.dailyfeed.search.SearchApplication     : Starting SearchApplication using Java 17.0.13 with PID 45458 (/Users/alpha300uk/workspace/alpha300uk/0.toy-project/dailyfeed/project/dailyfeed-search-svc/dailyfeed-search/build/classes/java/main started by alpha300uk in /Users/alpha300uk/workspace/alpha300uk/0.toy-project/dailyfeed/project/dailyfeed-search-svc/dailyfeed-search)
2025-09-28T19:01:30.139+09:00  INFO 45458 --- [dailyfeed-search] [           main] c.dailyfeed.search.SearchApplication     : The following 1 profile is active: "local"
2025-09-28T19:01:30.345+09:00  INFO 45458 --- [dailyfeed-search] [           main] .s.d.r.c.RepositoryConfigurationDelegate : Bootstrapping Spring Data MongoDB repositories in DEFAULT mode.
2025-09-28T19:01:30.365+09:00  INFO 45458 --- [dailyfeed-search] [           main] .s.d.r.c.RepositoryConfigurationDelegate : Finished Spring Data repository scanning in 17 ms. Found 2 MongoDB repository interfaces.
2025-09-28T19:01:30.516+09:00  INFO 45458 --- [dailyfeed-search] [           main] o.s.b.w.embedded.tomcat.TomcatWebServer  : Tomcat initialized with port 8083 (http)
2025-09-28T19:01:30.521+09:00  INFO 45458 --- [dailyfeed-search] [           main] o.apache.catalina.core.StandardService   : Starting service [Tomcat]
2025-09-28T19:01:30.522+09:00  INFO 45458 --- [dailyfeed-search] [           main] o.apache.catalina.core.StandardEngine    : Starting Servlet engine: [Apache Tomcat/10.1.44]
2025-09-28T19:01:30.539+09:00  INFO 45458 --- [dailyfeed-search] [           main] o.a.c.c.C.[Tomcat].[localhost].[/]       : Initializing Spring embedded WebApplicationContext
2025-09-28T19:01:30.540+09:00  INFO 45458 --- [dailyfeed-search] [           main] w.s.c.ServletWebServerApplicationContext : Root WebApplicationContext: initialization completed in 385 ms
2025-09-28T19:01:30.617+09:00  INFO 45458 --- [dailyfeed-search] [           main] org.mongodb.driver.client                : MongoClient with metadata {"driver": {"name": "mongo-java-driver|sync", "version": "5.5.1"}, "os": {"type": "Darwin", "name": "Mac OS X", "architecture": "aarch64", "version": "26.0"}, "platform": "Java/Amazon.com Inc./17.0.13+11-LTS"} created with settings MongoClientSettings{readPreference=primary, writeConcern=WriteConcern{w=null, wTimeout=null ms, journal=null}, retryWrites=true, retryReads=true, readConcern=ReadConcern{level=null}, credential=null, transportSettings=null, commandListeners=[], codecRegistry=ProvidersCodecRegistry{codecProviders=[ValueCodecProvider{}, BsonValueCodecProvider{}, DBRefCodecProvider{}, DBObjectCodecProvider{}, DocumentCodecProvider{}, CollectionCodecProvider{}, IterableCodecProvider{}, MapCodecProvider{}, GeoJsonCodecProvider{}, GridFSFileCodecProvider{}, Jsr310CodecProvider{}, JsonObjectCodecProvider{}, BsonCodecProvider{}, EnumCodecProvider{}, com.mongodb.client.model.mql.ExpressionCodecProvider@16a2ed51, com.mongodb.Jep395RecordCodecProvider@3b332962, com.mongodb.KotlinCodecProvider@57ddd45b]}, loggerSettings=LoggerSettings{maxDocumentLength=1000}, clusterSettings={hosts=[localhost:27017], srvServiceName=mongodb, mode=SINGLE, requiredClusterType=UNKNOWN, requiredReplicaSetName='null', serverSelector='null', clusterListeners='[]', serverSelectionTimeout='30000 ms', localThreshold='15 ms'}, socketSettings=SocketSettings{connectTimeoutMS=10000, readTimeoutMS=0, receiveBufferSize=0, proxySettings=ProxySettings{host=null, port=null, username=null, password=null}}, heartbeatSocketSettings=SocketSettings{connectTimeoutMS=10000, readTimeoutMS=10000, receiveBufferSize=0, proxySettings=ProxySettings{host=null, port=null, username=null, password=null}}, connectionPoolSettings=ConnectionPoolSettings{maxSize=100, minSize=0, maxWaitTimeMS=120000, maxConnectionLifeTimeMS=0, maxConnectionIdleTimeMS=0, maintenanceInitialDelayMS=0, maintenanceFrequencyMS=60000, connectionPoolListeners=[], maxConnecting=2}, serverSettings=ServerSettings{heartbeatFrequencyMS=10000, minHeartbeatFrequencyMS=500, serverMonitoringMode=AUTO, serverListeners='[]', serverMonitorListeners='[]'}, sslSettings=SslSettings{enabled=false, invalidHostNameAllowed=false, context=null}, applicationName='null', compressorList=[], uuidRepresentation=UNSPECIFIED, serverApi=null, autoEncryptionSettings=null, dnsClient=null, inetAddressResolver=null, contextProvider=null, timeoutMS=null}
2025-09-28T19:01:30.647+09:00  INFO 45458 --- [dailyfeed-search] [localhost:27017] org.mongodb.driver.cluster               : Monitor thread successfully connected to server with description ServerDescription{address=localhost:27017, type=REPLICA_SET_PRIMARY, cryptd=false, state=CONNECTED, ok=true, minWireVersion=0, maxWireVersion=21, maxDocumentSize=16777216, logicalSessionTimeoutMinutes=30, roundTripTimeNanos=26945250, minRoundTripTimeNanos=0, setName='rs0', canonicalAddress=mongo-dailyfeed-1:27017, hosts=[mongo-dailyfeed-2:27017, mongo-dailyfeed-3:27017, mongo-dailyfeed-1:27017], passives=[], arbiters=[], primary='mongo-dailyfeed-1:27017', tagSet=TagSet{[]}, electionId=7fffffff0000000000000001, setVersion=1, topologyVersion=TopologyVersion{processId=68d8a682b0547c89fad3c2ec, counter=6}, lastWriteDate=Sun Sep 28 19:01:27 KST 2025, lastUpdateTimeNanos=26588775389458}
2025-09-28T19:01:30.872+09:00  INFO 45458 --- [dailyfeed-search] [           main] o.s.b.w.embedded.tomcat.TomcatWebServer  : Tomcat started on port 8083 (http) with context path '/'
2025-09-28T19:01:30.877+09:00  INFO 45458 --- [dailyfeed-search] [           main] c.dailyfeed.search.SearchApplication     : Started SearchApplication in 0.897 seconds (process running for 1.007)
2025-09-28T19:01:43.059+09:00  INFO 45458 --- [dailyfeed-search] [nio-8083-exec-1] o.a.c.c.C.[Tomcat].[localhost].[/]       : Initializing Spring DispatcherServlet 'dispatcherServlet'
2025-09-28T19:01:43.059+09:00  INFO 45458 --- [dailyfeed-search] [nio-8083-exec-1] o.s.web.servlet.DispatcherServlet        : Initializing Servlet 'dispatcherServlet'
2025-09-28T19:01:43.061+09:00  INFO 45458 --- [dailyfeed-search] [nio-8083-exec-1] o.s.web.servlet.DispatcherServlet        : Completed initialization in 2 ms
